
**** Build of configuration Debug for project CAN_4C123 ****

"C:\\ti\\ccsv7\\utils\\bin\\gmake" -k all 
'Building file: ../PLL.c'
'Invoking: ARM Compiler'
"C:/ti/ccsv7/tools/compiler/ti-cgt-arm_16.9.1.LTS/bin/armcl" -mv7M4 --code_state=16 --float_support=FPv4SPD16 --abi=eabi -me --include_path="C:/ti/ccsv7/tools/compiler/ti-cgt-arm_16.9.1.LTS/include" -g --c99 --gcc --define=ccs="ccs" --define=PART_TM4C123GH6PM --diag_wrap=off --diag_warning=225 --display_error_number -k --src_interlist --asm_listing --preproc_with_compile --preproc_dependency="PLL.d"  "../PLL.c"

>> Compilation failure
subdir_rules.mk:9: recipe for target 'PLL.obj' failed
"../PLL.c", line 26: fatal error #1965: cannot open source file "../inc/tm4c123gh6pm.h"
1 catastrophic error detected in the compilation of "../PLL.c".
Compilation terminated.
gmake: *** [PLL.obj] Error 1
'Building file: ../Timer3.c'
'Invoking: ARM Compiler'
"C:/ti/ccsv7/tools/compiler/ti-cgt-arm_16.9.1.LTS/bin/armcl" -mv7M4 --code_state=16 --float_support=FPv4SPD16 --abi=eabi -me --include_path="C:/ti/ccsv7/tools/compiler/ti-cgt-arm_16.9.1.LTS/include" -g --c99 --gcc --define=ccs="ccs" --define=PART_TM4C123GH6PM --diag_wrap=off --diag_warning=225 --display_error_number -k --src_interlist --asm_listing --preproc_with_compile --preproc_dependency="Timer3.d"  "../Timer3.c"

>> Compilation failure
subdir_rules.mk:16: recipe for target 'Timer3.obj' failed
"../Timer3.c", line 24: fatal error #1965: cannot open source file "../inc/tm4c123gh6pm.h"
1 catastrophic error detected in the compilation of "../Timer3.c".
Compilation terminated.
gmake: *** [Timer3.obj] Error 1
'Building file: ../can0.c'
'Invoking: ARM Compiler'
"C:/ti/ccsv7/tools/compiler/ti-cgt-arm_16.9.1.LTS/bin/armcl" -mv7M4 --code_state=16 --float_support=FPv4SPD16 --abi=eabi -me --include_path="C:/ti/ccsv7/tools/compiler/ti-cgt-arm_16.9.1.LTS/include" -g --c99 --gcc --define=ccs="ccs" --define=PART_TM4C123GH6PM --diag_wrap=off --diag_warning=225 --display_error_number -k --src_interlist --asm_listing --preproc_with_compile --preproc_dependency="can0.d"  "../can0.c"

>> Compilation failure
subdir_rules.mk:30: recipe for target 'can0.obj' failed
"../can0.c", line 46: fatal error #1965: cannot open source file "../inc/tm4c123gh6pm.h"
1 catastrophic error detected in the compilation of "../can0.c".
Compilation terminated.
gmake: *** [can0.obj] Error 1
'Building file: ../interrupt.c'
'Invoking: ARM Compiler'
"C:/ti/ccsv7/tools/compiler/ti-cgt-arm_16.9.1.LTS/bin/armcl" -mv7M4 --code_state=16 --float_support=FPv4SPD16 --abi=eabi -me --include_path="C:/ti/ccsv7/tools/compiler/ti-cgt-arm_16.9.1.LTS/include" -g --c99 --gcc --define=ccs="ccs" --define=PART_TM4C123GH6PM --diag_wrap=off --diag_warning=225 --display_error_number -k --src_interlist --asm_listing --preproc_with_compile --preproc_dependency="interrupt.d"  "../interrupt.c"

>> Compilation failure
subdir_rules.mk:37: recipe for target 'interrupt.obj' failed
"../interrupt.c", line 34: fatal error #1965: cannot open source file "../inc/hw_ints.h"
1 catastrophic error detected in the compilation of "../interrupt.c".
Compilation terminated.
gmake: *** [interrupt.obj] Error 1
'Building file: ../main.c'
'Invoking: ARM Compiler'
"C:/ti/ccsv7/tools/compiler/ti-cgt-arm_16.9.1.LTS/bin/armcl" -mv7M4 --code_state=16 --float_support=FPv4SPD16 --abi=eabi -me --include_path="C:/ti/ccsv7/tools/compiler/ti-cgt-arm_16.9.1.LTS/include" -g --c99 --gcc --define=ccs="ccs" --define=PART_TM4C123GH6PM --diag_wrap=off --diag_warning=225 --display_error_number -k --src_interlist --asm_listing --preproc_with_compile --preproc_dependency="main.d"  "../main.c"

>> Compilation failure
subdir_rules.mk:44: recipe for target 'main.obj' failed
"../main.c", line 39: fatal error #1965: cannot open source file "../inc/tm4c123gh6pm.h"
1 catastrophic error detected in the compilation of "../main.c".
Compilation terminated.
gmake: *** [main.obj] Error 1
gmake: Target 'all' not remade because of errors.

**** Build Finished ****
